<?xml version="1.0" encoding="UTF-8"?>
<testsuite xmlns:xsi="http://www.w3.org/2001/XMLSchema-instance" xsi:noNamespaceSchemaLocation="https://maven.apache.org/surefire/maven-surefire-plugin/xsd/surefire-test-report-3.0.xsd" version="3.0" name="dev.marvinhsin.movies.MoviesApplicationTests" time="5.203" tests="1" errors="0" skipped="0" failures="0">
  <properties>
[...]
</properties>
  <testcase name="contextLoads" classname="dev.marvinhsin.movies.MoviesApplicationTests" time="0.745">
    <system-out><![CDATA[17:02:44.500 [main] INFO org.springframework.test.context.support.AnnotationConfigContextLoaderUtils -- Could not detect default configuration classes for test class [dev.marvinhsin.movies.MoviesApplicationTests]: MoviesApplicationTests does not declare any static, non-private, non-final, nested classes annotated with @Configuration.
17:02:44.825 [main] INFO org.springframework.boot.test.context.SpringBootTestContextBootstrapper -- Found @SpringBootConfiguration dev.marvinhsin.movies.MoviesApplication for test class dev.marvinhsin.movies.MoviesApplicationTests
17:02:45.238 [main] INFO org.springframework.boot.devtools.restart.RestartApplicationListener -- Restart disabled due to context in which it is running

  .   ____          _            __ _ _
 /\\ / ___'_ __ _ _(_)_ __  __ _ \ \ \ \
( ( )\___ | '_ | '_| | '_ \/ _` | \ \ \ \
 \\/  ___)| |_)| | | | | || (_| |  ) ) ) )
  '  |____| .__|_| |_|_| |_\__, | / / / /
 =========|_|==============|___/=/_/_/_/
 :: Spring Boot ::                (v3.2.2)

2024-05-29T17:02:45.807-05:00  INFO 24443 --- [           main] d.m.movies.MoviesApplicationTests        : Starting MoviesApplicationTests using Java 17.0.2 with PID 24443 (started by marvin in /Users/marvin/Desktop/projects/MovieReviewApp/movies-backend)
2024-05-29T17:02:45.808-05:00  INFO 24443 --- [           main] d.m.movies.MoviesApplicationTests        : No active profile set, falling back to 1 default profile: "default"
2024-05-29T17:02:46.691-05:00  INFO 24443 --- [           main] .s.d.r.c.RepositoryConfigurationDelegate : Bootstrapping Spring Data MongoDB repositories in DEFAULT mode.
2024-05-29T17:02:46.759-05:00  INFO 24443 --- [           main] .s.d.r.c.RepositoryConfigurationDelegate : Finished Spring Data repository scanning in 61 ms. Found 2 MongoDB repository interfaces.
2024-05-29T17:02:47.307-05:00  INFO 24443 --- [yyb.mongodb.net] org.mongodb.driver.cluster               : Adding discovered server ac-nsolrih-shard-00-01.tnsiyyb.mongodb.net:27017 to client view of cluster
2024-05-29T17:02:47.309-05:00  INFO 24443 --- [           main] org.mongodb.driver.client                : MongoClient with metadata {"driver": {"name": "mongo-java-driver|sync|spring-boot", "version": "4.11.1"}, "os": {"type": "Darwin", "name": "Mac OS X", "architecture": "x86_64", "version": "14.4.1"}, "platform": "Java/Homebrew/17.0.2+0"} created with settings MongoClientSettings{readPreference=primary, writeConcern=WriteConcern{w=null, wTimeout=null ms, journal=null}, retryWrites=true, retryReads=true, readConcern=ReadConcern{level=null}, credential=MongoCredential{mechanism=null, userName='bdfb1997', source='admin', password=<hidden>, mechanismProperties=<hidden>}, transportSettings=null, streamFactoryFactory=null, commandListeners=[], codecRegistry=ProvidersCodecRegistry{codecProviders=[ValueCodecProvider{}, BsonValueCodecProvider{}, DBRefCodecProvider{}, DBObjectCodecProvider{}, DocumentCodecProvider{}, CollectionCodecProvider{}, IterableCodecProvider{}, MapCodecProvider{}, GeoJsonCodecProvider{}, GridFSFileCodecProvider{}, Jsr310CodecProvider{}, JsonObjectCodecProvider{}, BsonCodecProvider{}, EnumCodecProvider{}, com.mongodb.client.model.mql.ExpressionCodecProvider@611640f0, com.mongodb.Jep395RecordCodecProvider@67e25252, com.mongodb.KotlinCodecProvider@58f4b31a]}, loggerSettings=LoggerSettings{maxDocumentLength=1000}, clusterSettings={hosts=[127.0.0.1:27017], srvHost=cluster0.tnsiyyb.mongodb.net, srvServiceName=mongodb, mode=MULTIPLE, requiredClusterType=REPLICA_SET, requiredReplicaSetName='atlas-2b8hvz-shard-0', serverSelector='null', clusterListeners='[]', serverSelectionTimeout='30000 ms', localThreshold='15 ms'}, socketSettings=SocketSettings{connectTimeoutMS=10000, readTimeoutMS=0, receiveBufferSize=0, proxySettings=ProxySettings{host=null, port=null, username=null, password=null}}, heartbeatSocketSettings=SocketSettings{connectTimeoutMS=10000, readTimeoutMS=10000, receiveBufferSize=0, proxySettings=ProxySettings{host=null, port=null, username=null, password=null}}, connectionPoolSettings=ConnectionPoolSettings{maxSize=100, minSize=0, maxWaitTimeMS=120000, maxConnectionLifeTimeMS=0, maxConnectionIdleTimeMS=0, maintenanceInitialDelayMS=0, maintenanceFrequencyMS=60000, connectionPoolListeners=[], maxConnecting=2}, serverSettings=ServerSettings{heartbeatFrequencyMS=10000, minHeartbeatFrequencyMS=500, serverListeners='[]', serverMonitorListeners='[]'}, sslSettings=SslSettings{enabled=true, invalidHostNameAllowed=false, context=null}, applicationName='null', compressorList=[], uuidRepresentation=JAVA_LEGACY, serverApi=null, autoEncryptionSettings=null, dnsClient=null, inetAddressResolver=null, contextProvider=null}
2024-05-29T17:02:47.333-05:00  INFO 24443 --- [yyb.mongodb.net] org.mongodb.driver.cluster               : Adding discovered server ac-nsolrih-shard-00-02.tnsiyyb.mongodb.net:27017 to client view of cluster
2024-05-29T17:02:47.341-05:00  INFO 24443 --- [yyb.mongodb.net] org.mongodb.driver.cluster               : Adding discovered server ac-nsolrih-shard-00-00.tnsiyyb.mongodb.net:27017 to client view of cluster
2024-05-29T17:02:48.272-05:00  INFO 24443 --- [ngodb.net:27017] org.mongodb.driver.cluster               : Monitor thread successfully connected to server with description ServerDescription{address=ac-nsolrih-shard-00-02.tnsiyyb.mongodb.net:27017, type=REPLICA_SET_SECONDARY, state=CONNECTED, ok=true, minWireVersion=0, maxWireVersion=21, maxDocumentSize=16777216, logicalSessionTimeoutMinutes=30, roundTripTimeNanos=663776291, setName='atlas-2b8hvz-shard-0', canonicalAddress=ac-nsolrih-shard-00-02.tnsiyyb.mongodb.net:27017, hosts=[ac-nsolrih-shard-00-00.tnsiyyb.mongodb.net:27017, ac-nsolrih-shard-00-01.tnsiyyb.mongodb.net:27017, ac-nsolrih-shard-00-02.tnsiyyb.mongodb.net:27017], passives=[], arbiters=[], primary='ac-nsolrih-shard-00-01.tnsiyyb.mongodb.net:27017', tagSet=TagSet{[Tag{name='availabilityZone', value='use1-az5'}, Tag{name='diskState', value='READY'}, Tag{name='nodeType', value='ELECTABLE'}, Tag{name='provider', value='AWS'}, Tag{name='region', value='US_EAST_1'}, Tag{name='workloadType', value='OPERATIONAL'}]}, electionId=null, setVersion=83, topologyVersion=TopologyVersion{processId=6657923ceb88344101760cf1, counter=5}, lastWriteDate=Wed May 29 17:02:48 CDT 2024, lastUpdateTimeNanos=1678328772411791}
2024-05-29T17:02:48.278-05:00  INFO 24443 --- [ngodb.net:27017] org.mongodb.driver.cluster               : Monitor thread successfully connected to server with description ServerDescription{address=ac-nsolrih-shard-00-00.tnsiyyb.mongodb.net:27017, type=REPLICA_SET_SECONDARY, state=CONNECTED, ok=true, minWireVersion=0, maxWireVersion=21, maxDocumentSize=16777216, logicalSessionTimeoutMinutes=30, roundTripTimeNanos=672412167, setName='atlas-2b8hvz-shard-0', canonicalAddress=ac-nsolrih-shard-00-00.tnsiyyb.mongodb.net:27017, hosts=[ac-nsolrih-shard-00-00.tnsiyyb.mongodb.net:27017, ac-nsolrih-shard-00-01.tnsiyyb.mongodb.net:27017, ac-nsolrih-shard-00-02.tnsiyyb.mongodb.net:27017], passives=[], arbiters=[], primary='ac-nsolrih-shard-00-01.tnsiyyb.mongodb.net:27017', tagSet=TagSet{[Tag{name='availabilityZone', value='use1-az2'}, Tag{name='diskState', value='READY'}, Tag{name='nodeType', value='ELECTABLE'}, Tag{name='provider', value='AWS'}, Tag{name='region', value='US_EAST_1'}, Tag{name='workloadType', value='OPERATIONAL'}]}, electionId=null, setVersion=83, topologyVersion=TopologyVersion{processId=665790c4a60904d9974d707b, counter=5}, lastWriteDate=Wed May 29 17:02:48 CDT 2024, lastUpdateTimeNanos=1678328779864375}
2024-05-29T17:02:48.303-05:00  INFO 24443 --- [ngodb.net:27017] org.mongodb.driver.cluster               : Monitor thread successfully connected to server with description ServerDescription{address=ac-nsolrih-shard-00-01.tnsiyyb.mongodb.net:27017, type=REPLICA_SET_PRIMARY, state=CONNECTED, ok=true, minWireVersion=0, maxWireVersion=21, maxDocumentSize=16777216, logicalSessionTimeoutMinutes=30, roundTripTimeNanos=697084708, setName='atlas-2b8hvz-shard-0', canonicalAddress=ac-nsolrih-shard-00-01.tnsiyyb.mongodb.net:27017, hosts=[ac-nsolrih-shard-00-00.tnsiyyb.mongodb.net:27017, ac-nsolrih-shard-00-01.tnsiyyb.mongodb.net:27017, ac-nsolrih-shard-00-02.tnsiyyb.mongodb.net:27017], passives=[], arbiters=[], primary='ac-nsolrih-shard-00-01.tnsiyyb.mongodb.net:27017', tagSet=TagSet{[Tag{name='availabilityZone', value='use1-az1'}, Tag{name='diskState', value='READY'}, Tag{name='nodeType', value='ELECTABLE'}, Tag{name='provider', value='AWS'}, Tag{name='region', value='US_EAST_1'}, Tag{name='workloadType', value='OPERATIONAL'}]}, electionId=7fffffff0000000000000124, setVersion=83, topologyVersion=TopologyVersion{processId=66578f6c843bd9b41ab80528, counter=9}, lastWriteDate=Wed May 29 17:02:48 CDT 2024, lastUpdateTimeNanos=1678328804573083}
2024-05-29T17:02:48.304-05:00  INFO 24443 --- [ngodb.net:27017] org.mongodb.driver.cluster               : Discovered replica set primary ac-nsolrih-shard-00-01.tnsiyyb.mongodb.net:27017 with max election id 7fffffff0000000000000124 and max set version 83
2024-05-29T17:02:48.657-05:00  INFO 24443 --- [           main] d.m.movies.MoviesApplicationTests        : Started MoviesApplicationTests in 3.47 seconds (process running for 5.084)
]]></system-out>
  </testcase>
</testsuite>